<?xml version="1.0" encoding="UTF-8"?>
<!-- Generated by org.testng.reporters.JUnitReportReporter -->
<testsuite hostname="DESKTOP-IGKLUGB" failures="0" tests="3" name="Testpages.TestingHomepage" time="39.979" errors="0" timestamp="2023-12-11T13:05:41 IST" skipped="0">
  <testcase classname="Testpages.TestingHomepage" name="testLogin" time="5.763"/>
  <system-out/>
  <testcase classname="Testpages.TestingHomepage" name="CheckingDetails" time="33.990"/>
  <system-out/>
  <testcase classname="Testpages.TestingHomepage" name="CloseBrowser" time="0.226"/>
  <system-out/>
</testsuite> <!-- Testpages.TestingHomepage -->
