<?xml version="1.0" encoding="UTF-8"?>
<!-- Generated by org.testng.reporters.JUnitReportReporter -->
<testsuite hostname="DESKTOP-IGKLUGB" failures="0" tests="1" name="Testpages.TestingSigninpage" time="6.138" errors="0" timestamp="2023-12-10T14:46:48 IST" skipped="0">
  <testcase classname="Testpages.TestingSigninpage" name="testLogin" time="6.138"/>
  <system-out/>
</testsuite> <!-- Testpages.TestingSigninpage -->
